* Starting client
* Connecting to master process on port 12334
* Analyzing classpath: 
  - /home/rogan/Desktop/3ano2sem/ats/ATS_Project/POO_Project/target/test-classes
  - /home/rogan/Desktop/3ano2sem/ats/ATS_Project/POO_Project/target/classes
  - /home/rogan/.m2/repository/junit/junit/4.13.1/junit-4.13.1.jar
  - /home/rogan/.m2/repository/org/hamcrest/hamcrest-core/1.3/hamcrest-core-1.3.jar
  - /home/rogan/.m2/repository/org/junit/jupiter/junit-jupiter/5.8.1/junit-jupiter-5.8.1.jar
  - /home/rogan/.m2/repository/org/junit/jupiter/junit-jupiter-params/5.8.1/junit-jupiter-params-5.8.1.jar
  - /home/rogan/.m2/repository/org/junit/jupiter/junit-jupiter-engine/5.8.1/junit-jupiter-engine-5.8.1.jar
  - /home/rogan/.m2/repository/org/junit/jupiter/junit-jupiter-api/5.9.2/junit-jupiter-api-5.9.2.jar
  - /home/rogan/.m2/repository/org/opentest4j/opentest4j/1.2.0/opentest4j-1.2.0.jar
  - /home/rogan/.m2/repository/org/junit/platform/junit-platform-commons/1.9.2/junit-platform-commons-1.9.2.jar
  - /home/rogan/.m2/repository/org/apiguardian/apiguardian-api/1.1.2/apiguardian-api-1.1.2.jar
  - /home/rogan/.m2/repository/org/junit/vintage/junit-vintage-engine/5.9.2/junit-vintage-engine-5.9.2.jar
  - /home/rogan/.m2/repository/org/junit/platform/junit-platform-engine/1.9.2/junit-platform-engine-1.9.2.jar
* Finished analyzing classpath
* Generating tests for class main.java.Parser
* Test criteria:
  - Line Coverage
  - Branch Coverage
  - Exception
  - Mutation testing (weak)
  - Method-Output Coverage
  - Top-Level Method Coverage
  - No-Exception Top-Level Method Coverage
  - Context Branch Coverage
* Setting up search algorithm for whole suite generation
[MASTER] 23:14:10.783 [pool-2-thread-1] WARN  TestSuiteSerialization - Cannot load tests because file does not exist: /home/rogan/Desktop/3ano2sem/ats/ATS_Project/POO_Project/.evosuite/evosuite-seeds/main.java.Parser.seed
* Loaded 0 tests from /home/rogan/Desktop/3ano2sem/ats/ATS_Project/POO_Project/.evosuite/evosuite-seeds/main.java.Parser.seed
* Total number of test goals: 
  - Line 106
  - Branch 77
  - Exception 0
  - MutationFactory 127
  - Output 11
  - Method 7
  - MethodNoException 7
  - CBranchFitnessFactory 77
* Using seed 1684188844057
* Starting evolution
* Search finished after 99s and 338 generations, 93720 statements, best individual has fitness: 406.0630341772268
* Writing sequences to pool
* Minimizing test suite
* Going to analyze the coverage criteria
* Coverage analysis for criterion LINE
* Coverage of criterion LINE: 33%
* Total number of goals: 106
* Number of covered goals: 35
* Coverage analysis for criterion BRANCH
* Coverage of criterion BRANCH: 14%
* Total number of goals: 77
* Number of covered goals: 11
* Coverage analysis for criterion EXCEPTION
* Coverage of criterion EXCEPTION: 100%
* Total number of goals: 12
* Number of covered goals: 12
* Coverage analysis for criterion WEAKMUTATION
* Coverage of criterion WEAKMUTATION: 32%
* Total number of goals: 127
* Number of covered goals: 41
* Coverage analysis for criterion OUTPUT
* Coverage of criterion OUTPUT: 9%
* Total number of goals: 11
* Number of covered goals: 1
* Coverage analysis for criterion METHOD
* Coverage of criterion METHOD: 100%
* Total number of goals: 7
* Number of covered goals: 7
* Coverage analysis for criterion METHODNOEXCEPTION
* Coverage of criterion METHODNOEXCEPTION: 71%
* Total number of goals: 7
* Number of covered goals: 5
* Coverage analysis for criterion CBRANCH
* Coverage of criterion CBRANCH: 14%
* Total number of goals: 77
* Number of covered goals: 11
* Generated 17 tests with total length 47
* Resulting test suite's coverage: 47% (average coverage for all fitness functions)
* Generating assertions
* Resulting test suite's mutation score: 6%
* Compiling and checking tests
* Permissions denied during test execution: 
  - java.io.FilePermission: 
         write /home/rogan/Desktop/3ano2sem/ats/ATS_Project/POO_Project/'@1`X,}}m=t>k/CasasHInteligentgs:: 1
  - java.net.SocketPermission: 
         listen,resolve localhost:771: 1
         connect,resolve 200.42.42.0:2174: 1
         listen,resolve localhost:5: 1
         and other 3 cases of action/name for this exception class
* Writing JUnit test case 'Parser_ESTest' to /home/rogan/Desktop/3ano2sem/ats/ATS_Project/POO_Project/.evosuite/tmp_2023_05_15_23_08_10/tests
* Done!

