* Starting client
* Connecting to master process on port 8192
* Analyzing classpath: 
  - /home/rogan/Desktop/3ano2sem/ats/ATS_Project/POO_Project/target/test-classes
  - /home/rogan/Desktop/3ano2sem/ats/ATS_Project/POO_Project/target/classes
  - /home/rogan/.m2/repository/junit/junit/4.13.1/junit-4.13.1.jar
  - /home/rogan/.m2/repository/org/hamcrest/hamcrest-core/1.3/hamcrest-core-1.3.jar
  - /home/rogan/.m2/repository/org/junit/jupiter/junit-jupiter/5.8.1/junit-jupiter-5.8.1.jar
  - /home/rogan/.m2/repository/org/junit/jupiter/junit-jupiter-params/5.8.1/junit-jupiter-params-5.8.1.jar
  - /home/rogan/.m2/repository/org/junit/jupiter/junit-jupiter-engine/5.8.1/junit-jupiter-engine-5.8.1.jar
  - /home/rogan/.m2/repository/org/junit/jupiter/junit-jupiter-api/5.9.2/junit-jupiter-api-5.9.2.jar
  - /home/rogan/.m2/repository/org/opentest4j/opentest4j/1.2.0/opentest4j-1.2.0.jar
  - /home/rogan/.m2/repository/org/junit/platform/junit-platform-commons/1.9.2/junit-platform-commons-1.9.2.jar
  - /home/rogan/.m2/repository/org/apiguardian/apiguardian-api/1.1.2/apiguardian-api-1.1.2.jar
  - /home/rogan/.m2/repository/org/junit/vintage/junit-vintage-engine/5.9.2/junit-vintage-engine-5.9.2.jar
  - /home/rogan/.m2/repository/org/junit/platform/junit-platform-engine/1.9.2/junit-platform-engine-1.9.2.jar
* Finished analyzing classpath
* Generating tests for class smarthouse.Fatura
* Test criteria:
  - Line Coverage
  - Branch Coverage
  - Exception
  - Mutation testing (weak)
  - Method-Output Coverage
  - Top-Level Method Coverage
  - No-Exception Top-Level Method Coverage
  - Context Branch Coverage
* Setting up search algorithm for whole suite generation
* Loaded 19 tests from /home/rogan/Desktop/3ano2sem/ats/ATS_Project/POO_Project/.evosuite/evosuite-seeds/smarthouse.Fatura.seed
* Total number of test goals: 
  - Line 29
  - Branch 8
  - Exception 0
  - MutationFactory 16
  - Output 21
  - Method 8
  - MethodNoException 8
  - CBranchFitnessFactory 8
* Using seed 1684271459456
* Starting evolution
* Search finished after 32s and 291 generations, 91201 statements, best individual has fitness: 4.5
* Writing sequences to pool
* Minimizing test suite
* Going to analyze the coverage criteria
* Coverage analysis for criterion LINE
* Coverage of criterion LINE: 100%
* Total number of goals: 29
* Number of covered goals: 29
* Coverage analysis for criterion BRANCH
* Coverage of criterion BRANCH: 100%
* Total number of goals: 8
* Number of covered goals: 8
* Coverage analysis for criterion EXCEPTION
* Coverage of criterion EXCEPTION: 100%
* Total number of goals: 1
* Number of covered goals: 1
* Coverage analysis for criterion WEAKMUTATION
* Coverage of criterion WEAKMUTATION: 100%
* Total number of goals: 16
* Number of covered goals: 16
* Coverage analysis for criterion OUTPUT
* Coverage of criterion OUTPUT: 81%
* Total number of goals: 21
* Number of covered goals: 17
* Coverage analysis for criterion METHOD
* Coverage of criterion METHOD: 100%
* Total number of goals: 8
* Number of covered goals: 8
* Coverage analysis for criterion METHODNOEXCEPTION
* Coverage of criterion METHODNOEXCEPTION: 100%
* Total number of goals: 8
* Number of covered goals: 8
* Coverage analysis for criterion CBRANCH
* Coverage of criterion CBRANCH: 100%
* Total number of goals: 8
* Number of covered goals: 8
* Generated 16 tests with total length 48
* Resulting test suite's coverage: 98% (average coverage for all fitness functions)
* Generating assertions
* Resulting test suite's mutation score: 86%
* Compiling and checking tests
* Writing JUnit test case 'Fatura_ESTest' to /home/rogan/Desktop/3ano2sem/ats/ATS_Project/POO_Project/.evosuite/tmp_2023_05_16_21_52_34/tests
* Done!

