* Starting client
* Connecting to master process on port 4852
* Analyzing classpath: 
  - /home/rogan/Desktop/3ano2sem/ats/ATS_Project/POO_Project/target/test-classes
  - /home/rogan/Desktop/3ano2sem/ats/ATS_Project/POO_Project/target/classes
  - /home/rogan/.m2/repository/junit/junit/4.13.1/junit-4.13.1.jar
  - /home/rogan/.m2/repository/org/hamcrest/hamcrest-core/1.3/hamcrest-core-1.3.jar
  - /home/rogan/.m2/repository/org/junit/jupiter/junit-jupiter/5.8.1/junit-jupiter-5.8.1.jar
  - /home/rogan/.m2/repository/org/junit/jupiter/junit-jupiter-params/5.8.1/junit-jupiter-params-5.8.1.jar
  - /home/rogan/.m2/repository/org/junit/jupiter/junit-jupiter-engine/5.8.1/junit-jupiter-engine-5.8.1.jar
  - /home/rogan/.m2/repository/org/junit/jupiter/junit-jupiter-api/5.9.2/junit-jupiter-api-5.9.2.jar
  - /home/rogan/.m2/repository/org/opentest4j/opentest4j/1.2.0/opentest4j-1.2.0.jar
  - /home/rogan/.m2/repository/org/junit/platform/junit-platform-commons/1.9.2/junit-platform-commons-1.9.2.jar
  - /home/rogan/.m2/repository/org/apiguardian/apiguardian-api/1.1.2/apiguardian-api-1.1.2.jar
  - /home/rogan/.m2/repository/org/junit/vintage/junit-vintage-engine/5.9.2/junit-vintage-engine-5.9.2.jar
  - /home/rogan/.m2/repository/org/junit/platform/junit-platform-engine/1.9.2/junit-platform-engine-1.9.2.jar
* Finished analyzing classpath
* Generating tests for class main.java.Periodo
* Test criteria:
  - Line Coverage
  - Branch Coverage
  - Exception
  - Mutation testing (weak)
  - Method-Output Coverage
  - Top-Level Method Coverage
  - No-Exception Top-Level Method Coverage
  - Context Branch Coverage
* Setting up search algorithm for whole suite generation
[MASTER] 23:23:38.791 [pool-2-thread-1] WARN  TestSuiteSerialization - Cannot load tests because file does not exist: /home/rogan/Desktop/3ano2sem/ats/ATS_Project/POO_Project/.evosuite/evosuite-seeds/main.java.Periodo.seed
* Loaded 0 tests from /home/rogan/Desktop/3ano2sem/ats/ATS_Project/POO_Project/.evosuite/evosuite-seeds/main.java.Periodo.seed
* Total number of test goals: 
  - Line 35
  - Branch 22
  - Exception 0
  - MutationFactory 47
  - Output 13
  - Method 8
  - MethodNoException 8
  - CBranchFitnessFactory 22
* Using seed 1684189413436
* Starting evolution
* Search finished after 46s and 182 generations, 68245 statements, best individual has fitness: 18.0
* Writing sequences to pool
* Minimizing test suite
* Going to analyze the coverage criteria
* Coverage analysis for criterion LINE
* Coverage of criterion LINE: 83%
* Total number of goals: 35
* Number of covered goals: 29
* Coverage analysis for criterion BRANCH
* Coverage of criterion BRANCH: 91%
* Total number of goals: 22
* Number of covered goals: 20
* Coverage analysis for criterion EXCEPTION
* Coverage of criterion EXCEPTION: 100%
* Total number of goals: 6
* Number of covered goals: 6
* Coverage analysis for criterion WEAKMUTATION
* Coverage of criterion WEAKMUTATION: 81%
* Total number of goals: 47
* Number of covered goals: 38
* Coverage analysis for criterion OUTPUT
* Coverage of criterion OUTPUT: 69%
* Total number of goals: 13
* Number of covered goals: 9
* Coverage analysis for criterion METHOD
* Coverage of criterion METHOD: 100%
* Total number of goals: 8
* Number of covered goals: 8
* Coverage analysis for criterion METHODNOEXCEPTION
* Coverage of criterion METHODNOEXCEPTION: 100%
* Total number of goals: 8
* Number of covered goals: 8
* Coverage analysis for criterion CBRANCH
* Coverage of criterion CBRANCH: 91%
* Total number of goals: 22
* Number of covered goals: 20
* Generated 17 tests with total length 62
* Resulting test suite's coverage: 89% (average coverage for all fitness functions)
* Generating assertions
* Resulting test suite's mutation score: 29%
* Compiling and checking tests
* Permissions denied during test execution: 
  - java.io.FilePermission: 
         delete : 1
  - java.lang.RuntimePermission: 
         writeFileDescriptor: 1
  - java.net.SocketPermission: 
         connect,resolve 200.42.42.0:3896: 1
         connect,resolve 127.0.0.1:409: 1
         connect,resolve 192.168.1.42:167: 1
         and other 10 cases of action/name for this exception class
* Writing JUnit test case 'Periodo_ESTest' to /home/rogan/Desktop/3ano2sem/ats/ATS_Project/POO_Project/.evosuite/tmp_2023_05_15_23_08_10/tests
* Done!

