* Starting client
* Connecting to master process on port 19731
* Analyzing classpath: 
  - /home/rogan/Desktop/3ano2sem/ats/ATS_Project/POO_Project/target/test-classes
  - /home/rogan/Desktop/3ano2sem/ats/ATS_Project/POO_Project/target/classes
  - /home/rogan/.m2/repository/junit/junit/4.13.1/junit-4.13.1.jar
  - /home/rogan/.m2/repository/org/hamcrest/hamcrest-core/1.3/hamcrest-core-1.3.jar
  - /home/rogan/.m2/repository/org/junit/jupiter/junit-jupiter/5.8.1/junit-jupiter-5.8.1.jar
  - /home/rogan/.m2/repository/org/junit/jupiter/junit-jupiter-params/5.8.1/junit-jupiter-params-5.8.1.jar
  - /home/rogan/.m2/repository/org/junit/jupiter/junit-jupiter-engine/5.8.1/junit-jupiter-engine-5.8.1.jar
  - /home/rogan/.m2/repository/org/junit/jupiter/junit-jupiter-api/5.9.2/junit-jupiter-api-5.9.2.jar
  - /home/rogan/.m2/repository/org/opentest4j/opentest4j/1.2.0/opentest4j-1.2.0.jar
  - /home/rogan/.m2/repository/org/junit/platform/junit-platform-commons/1.9.2/junit-platform-commons-1.9.2.jar
  - /home/rogan/.m2/repository/org/apiguardian/apiguardian-api/1.1.2/apiguardian-api-1.1.2.jar
  - /home/rogan/.m2/repository/org/junit/vintage/junit-vintage-engine/5.9.2/junit-vintage-engine-5.9.2.jar
  - /home/rogan/.m2/repository/org/junit/platform/junit-platform-engine/1.9.2/junit-platform-engine-1.9.2.jar
* Finished analyzing classpath
* Generating tests for class main.java.SmartSpeaker
* Test criteria:
  - Line Coverage
  - Branch Coverage
  - Exception
  - Mutation testing (weak)
  - Method-Output Coverage
  - Top-Level Method Coverage
  - No-Exception Top-Level Method Coverage
  - Context Branch Coverage
* Setting up search algorithm for whole suite generation
[MASTER] 23:16:05.390 [pool-2-thread-1] WARN  TestSuiteSerialization - Cannot load tests because file does not exist: /home/rogan/Desktop/3ano2sem/ats/ATS_Project/POO_Project/.evosuite/evosuite-seeds/main.java.SmartSpeaker.seed
* Loaded 0 tests from /home/rogan/Desktop/3ano2sem/ats/ATS_Project/POO_Project/.evosuite/evosuite-seeds/main.java.SmartSpeaker.seed
* Total number of test goals: 
  - Line 90
  - Branch 50
  - Exception 0
  - MutationFactory 195
  - Output 50
  - Method 18
  - MethodNoException 18
  - CBranchFitnessFactory 50
* Using seed 1684188961325
* Starting evolution
* Search finished after 69s and 166 generations, 71094 statements, best individual has fitness: 93.9999998736362
* Writing sequences to pool
* Minimizing test suite
* Going to analyze the coverage criteria
* Coverage analysis for criterion LINE
* Coverage of criterion LINE: 89%
* Total number of goals: 90
* Number of covered goals: 80
* Coverage analysis for criterion BRANCH
* Coverage of criterion BRANCH: 92%
* Total number of goals: 50
* Number of covered goals: 46
* Coverage analysis for criterion EXCEPTION
* Coverage of criterion EXCEPTION: 100%
* Total number of goals: 10
* Number of covered goals: 10
* Coverage analysis for criterion WEAKMUTATION
* Coverage of criterion WEAKMUTATION: 77%
* Total number of goals: 195
* Number of covered goals: 150
* Coverage analysis for criterion OUTPUT
* Coverage of criterion OUTPUT: 42%
* Total number of goals: 50
* Number of covered goals: 21
* Coverage analysis for criterion METHOD
* Coverage of criterion METHOD: 100%
* Total number of goals: 18
* Number of covered goals: 18
* Coverage analysis for criterion METHODNOEXCEPTION
* Coverage of criterion METHODNOEXCEPTION: 89%
* Total number of goals: 18
* Number of covered goals: 16
* Coverage analysis for criterion CBRANCH
* Coverage of criterion CBRANCH: 92%
* Total number of goals: 50
* Number of covered goals: 46
* Generated 44 tests with total length 141
* Resulting test suite's coverage: 85% (average coverage for all fitness functions)
* Generating assertions
* Resulting test suite's mutation score: 67%
* Compiling and checking tests
* Permissions denied during test execution: 
  - java.io.FilePermission: 
         write IhnnM#AN&kb: 1
  - java.lang.RuntimePermission: 
         writeFileDescriptor: 1
  - java.net.SocketPermission: 
         connect,resolve 192.168.1.42:1390: 1
         connect,resolve 192.168.1.42:2145: 1
         connect,resolve 192.168.1.42:1386: 1
         and other 4 cases of action/name for this exception class
* Writing JUnit test case 'SmartSpeaker_ESTest' to /home/rogan/Desktop/3ano2sem/ats/ATS_Project/POO_Project/.evosuite/tmp_2023_05_15_23_08_10/tests
* Done!

