* Starting client
* Connecting to master process on port 3053
* Analyzing classpath: 
  - /home/rogan/Desktop/3ano2sem/ats/ATS_Project/POO_Project/target/test-classes
  - /home/rogan/Desktop/3ano2sem/ats/ATS_Project/POO_Project/target/classes
  - /home/rogan/.m2/repository/org/junit/jupiter/junit-jupiter-api/5.9.2/junit-jupiter-api-5.9.2.jar
  - /home/rogan/.m2/repository/org/opentest4j/opentest4j/1.2.0/opentest4j-1.2.0.jar
  - /home/rogan/.m2/repository/org/junit/platform/junit-platform-commons/1.9.2/junit-platform-commons-1.9.2.jar
  - /home/rogan/.m2/repository/org/apiguardian/apiguardian-api/1.1.2/apiguardian-api-1.1.2.jar
* Finished analyzing classpath
* Generating tests for class src.main.java.Periodo
* Test criteria:
  - Line Coverage
  - Branch Coverage
  - Exception
  - Mutation testing (weak)
  - Method-Output Coverage
  - Top-Level Method Coverage
  - No-Exception Top-Level Method Coverage
  - Context Branch Coverage
* Setting up search algorithm for whole suite generation
[MASTER] 09:49:27.325 [pool-2-thread-1] WARN  TestSuiteSerialization - Cannot load tests because file does not exist: /home/rogan/Desktop/3ano2sem/ats/ATS_Project/POO_Project/.evosuite/evosuite-seeds/src.main.java.Periodo.seed
* Loaded 0 tests from /home/rogan/Desktop/3ano2sem/ats/ATS_Project/POO_Project/.evosuite/evosuite-seeds/src.main.java.Periodo.seed
* Total number of test goals: 
  - Line 35
  - Branch 22
  - Exception 0
  - MutationFactory 47
  - Output 13
  - Method 8
  - MethodNoException 8
  - CBranchFitnessFactory 22
* Using seed 1683622165432
* Starting evolution
* Search finished after 49s and 210 generations, 70265 statements, best individual has fitness: 12.023809523809524
* Writing sequences to pool
* Minimizing test suite
* Going to analyze the coverage criteria
* Coverage analysis for criterion LINE
* Coverage of criterion LINE: 83%
* Total number of goals: 35
* Number of covered goals: 29
* Coverage analysis for criterion BRANCH
* Coverage of criterion BRANCH: 100%
* Total number of goals: 22
* Number of covered goals: 22
* Coverage analysis for criterion EXCEPTION
* Coverage of criterion EXCEPTION: 100%
* Total number of goals: 5
* Number of covered goals: 5
* Coverage analysis for criterion WEAKMUTATION
* Coverage of criterion WEAKMUTATION: 83%
* Total number of goals: 47
* Number of covered goals: 39
* Coverage analysis for criterion OUTPUT
* Coverage of criterion OUTPUT: 69%
* Total number of goals: 13
* Number of covered goals: 9
* Coverage analysis for criterion METHOD
* Coverage of criterion METHOD: 100%
* Total number of goals: 8
* Number of covered goals: 8
* Coverage analysis for criterion METHODNOEXCEPTION
* Coverage of criterion METHODNOEXCEPTION: 100%
* Total number of goals: 8
* Number of covered goals: 8
* Coverage analysis for criterion CBRANCH
* Coverage of criterion CBRANCH: 100%
* Total number of goals: 22
* Number of covered goals: 22
* Generated 18 tests with total length 68
* Resulting test suite's coverage: 92% (average coverage for all fitness functions)
* Generating assertions
* Resulting test suite's mutation score: 39%
* Compiling and checking tests
* Permissions denied during test execution: 
  - java.io.FilePermission: 
         write : 1
         write ,`)b^K: 1
         write @LCXf}P%&5;&%6R\: 1
         write /home/rogan/Desktop/3ano2sem/ats/ATS_Project/POO_Project/Periodo de 2014-02-14 a 2014-02-14/%vA: 1
  - java.lang.RuntimePermission: 
         writeFileDescriptor: 1
  - java.net.SocketPermission: 
         connect,resolve 135.212.0.2:0: 1
         connect,resolve 127.0.0.1:789: 1
         connect,resolve 192.168.1.42:1464: 1
         and other 12 cases of action/name for this exception class
* Writing JUnit test case 'Periodo_ESTest' to /home/rogan/Desktop/3ano2sem/ats/ATS_Project/POO_Project/.evosuite/tmp_2023_05_09_09_35_25/tests
* Done!

